<?xml version="1.0" encoding="UTF-8"?>
<!-- Generated by org.testng.reporters.JUnitReportReporter -->
<testsuite hostname="BYMSQ20407" failures="0" tests="4" name="test.by.training.pre_task_numbers.base.CustomNumberControllerTest" time="0.016" errors="0" timestamp="27 сент. 2021 20:02:49 GMT" skipped="0">
  <testcase classname="test.by.training.pre_task_numbers.base.CustomNumberControllerTest" name="testDivideCustomNumber" time="0.002"/>
  <testcase classname="test.by.training.pre_task_numbers.base.CustomNumberControllerTest" name="testMultiplyCustomNumber" time="0.001"/>
  <testcase classname="test.by.training.pre_task_numbers.base.CustomNumberControllerTest" name="testDifferenceCustomNumber" time="0.012"/>
  <testcase classname="test.by.training.pre_task_numbers.base.CustomNumberControllerTest" name="testSumCustomNumber" time="0.001"/>
</testsuite> <!-- test.by.training.pre_task_numbers.base.CustomNumberControllerTest -->
