<?xml version="1.0" encoding="UTF-8"?>
<!-- Generated by org.testng.reporters.JUnitReportReporter -->
<testsuite hostname="BYMSQ20407" failures="0" tests="1" name="test.by.training.pre_task_numbers.base.NewTest" time="0.015" errors="0" timestamp="27 сент. 2021 19:56:11 GMT" skipped="0">
  <testcase classname="test.by.training.pre_task_numbers.base.NewTest" name="testSumCustomNumber" time="0.015"/>
</testsuite> <!-- test.by.training.pre_task_numbers.base.NewTest -->
